0000000000000000 A __start__
0000000000000000 T _start
0000000000000000 b _TLS_MODULE_BASE_
0000000000000000 0000000000000010 b buffer.7967
0000000000000010 0000000000000004 b g_sfdnsresResult
0000000000000018 0000000000000401 b __fixedpath
0000000000000080 t startup
00000000000000a4 t bssclr_start
00000000000000cc t bss_loop
0000000000000120 T __nx_exit
0000000000000130 T __nx_mod0
0000000000000150 T _init
00000000000001c0 000000000000007c t next_text
000000000000023c 000000000000002c t init_mpg123_text
0000000000000268 0000000000000064 t add_id3_text
00000000000002cc 000000000000009c t pop_id3_picture
0000000000000368 0000000000000098 t store_id3_text.part.2
0000000000000400 0000000000000088 t store_id3_text
0000000000000420 0000000000002000 b tmp_buffer.7030
0000000000000488 0000000000000038 T exit
00000000000004c0 0000000000000140 T main
0000000000000600 t deregister_tm_clones
0000000000000630 t register_tm_clones
0000000000000668 t __do_global_dtors_aux
00000000000006b0 t frame_dummy
00000000000006f0 00000000000000b0 T fatalLater
00000000000007a0 0000000000000054 T pauseInit
0000000000000800 0000000000000038 T isPaused
0000000000000840 0000000000000090 T setPaused
00000000000008d0 0000000000000004 t applet_hook
00000000000008e0 000000000000026c t update_free_space
0000000000000b50 00000000000001d0 t ftp_closesocket
0000000000000d20 0000000000000060 t ftp_session_close_pasv
0000000000000d80 000000000000006c t ftp_session_close_data
0000000000000df0 000000000000000c t ftp_command_cmp
0000000000000e00 00000000000001bc t build_path
0000000000000fc0 00000000000005e4 t ftp_session_fill_dirent_type
00000000000015b0 0000000000000064 t cd_up
0000000000001620 0000000000000118 t encode_path
0000000000001740 00000000000000c0 t ftp_set_socket_options
0000000000001800 0000000000000078 t ftp_session_close_file.isra.1
0000000000001880 000000000000006c t ftp_session_close_cwd.isra.2
00000000000018f0 00000000000000e0 t ftp_session_destroy
00000000000019d0 0000000000000038 t ftp_session_set_state.part.4
0000000000001a10 00000000000000c8 t ftp_send_response_buffer
0000000000001ae0 00000000000001ac t ftp_send_response
0000000000001c90 0000000000000064 t TYPE
0000000000001d00 0000000000000064 t SYST
0000000000001d70 0000000000000064 t STOU
0000000000001de0 0000000000000074 t QUIT
0000000000001e60 0000000000000058 t NOOP
0000000000001ec0 0000000000000064 t HELP
0000000000001f30 0000000000000098 t FEAT
0000000000001fd0 0000000000000064 t ALLO
0000000000002040 0000000000000120 t USER
0000000000002160 0000000000000120 t PASS
0000000000002280 00000000000001e0 t store_transfer
0000000000002420 0000000000002000 b tmp_buffer.7054
0000000000002460 0000000000000200 t retrieve_transfer
0000000000002660 00000000000000f4 t SIZE
0000000000002760 0000000000000118 t RNFR
0000000000002880 00000000000002c4 t PASV
0000000000002b50 000000000000012c t MDTM
0000000000002c80 000000000000015c t RNTO
0000000000002de0 000000000000024c t PORT
0000000000003030 000000000000016c t CWD
00000000000031a0 000000000000006c t CDUP
0000000000003210 00000000000003e0 t list_transfer
00000000000035f0 00000000000001cc t MLST
00000000000037c0 0000000000000170 t PWD
0000000000003930 00000000000000ac t ABOR
00000000000039e0 0000000000000130 t REST
0000000000003b10 0000000000000094 t STRU
0000000000003bb0 0000000000000100 t DELE
0000000000003cb0 0000000000000094 t ftp_set_socket_nonblocking
0000000000003d50 000000000000018c t ftp_session_connect
0000000000003ee0 0000000000000490 t ftp_xfer_file
0000000000004370 0000000000000054 t STOR
00000000000043d0 0000000000000054 t RETR
0000000000004420 0000000000000004 B g_bsdErrno
0000000000004424 0000000000000004 B g_bsdResult
0000000000004430 0000000000000054 t APPE
0000000000004490 0000000000000100 t RMD
0000000000004590 000000000000028c t OPTS
0000000000004820 0000000000000114 t MKD
0000000000004940 00000000000000cc t ftp_session_fill_dirent_cdir
0000000000004a10 0000000000000538 t ftp_xfer_dir
0000000000004f50 000000000000015c t STAT
00000000000050b0 0000000000000058 t NLST
0000000000005110 0000000000000058 t MLSD
0000000000005170 0000000000000058 t LIST
00000000000051d0 0000000000000094 t MODE
0000000000005270 0000000000000078 T ftp_pre_init
00000000000052f0 0000000000000060 T ftp_exit
0000000000005350 0000000000000184 T ftp_init
00000000000054e0 0000000000000004 T ftp_post_exit
00000000000054f0 0000000000000c78 T ftp_loop
0000000000006170 0000000000000090 T inputPoller
0000000000006200 0000000000000028 T __libnx_initheap
0000000000006230 0000000000000080 T __appInit
00000000000062b0 0000000000000020 T __appExit
00000000000062d0 000000000000005c T mp3MutInit
0000000000006330 0000000000000144 T initMp3
0000000000006480 0000000000000050 T decodeMp3
00000000000064d0 0000000000000030 T exitMp3
0000000000006500 0000000000000098 T fillBuf
00000000000065a0 00000000000000e8 T playMp3
0000000000006690 0000000000000004 T console_set_status
00000000000066a0 00000000000000d4 T console_print
0000000000006780 00000000000000d8 T debug_print
0000000000006860 0000000000000004 T console_render
0000000000006870 00000000000002b0 t ini_strncpy
0000000000006b20 0000000000000074 t skiptrailing
0000000000006ba0 000000000000002c t skipleading.part.1
0000000000006bd0 0000000000000060 t striptrailing
0000000000006c30 0000000000000100 t cleanstring
0000000000006d30 0000000000000400 t getkeystring
0000000000007130 00000000000000b0 t ini_gets.part.8
00000000000071e0 000000000000001c T ini_gets
0000000000007200 000000000000008c T mutexLock
0000000000007290 0000000000000030 T mutexUnlock
00000000000072c0 000000000000004c T rmutexLock
0000000000007310 000000000000001c T rmutexUnlock
0000000000007330 0000000000000050 t _EntryWrap
0000000000007380 00000000000001f8 T threadCreate
0000000000007580 0000000000000008 T threadStart
0000000000007590 000000000000022c t ipcParse
00000000000077c0 000000000000019c t _appletReceiveMessage
0000000000007960 000000000000018c t _appletGetPerformanceMode.constprop.35
0000000000007af0 00000000000003ac t _appletGetCurrentFocusState.constprop.36
0000000000007ea0 00000000000003ac t _appletGetOperationMode.constprop.34
0000000000008250 0000000000000028 T appletHook
0000000000008280 0000000000000028 T appletGetAppletResourceUserId
00000000000082b0 000000000000017c T appletMainLoop
0000000000008430 0000000000000034 t ipcCloseObjectById
0000000000008470 000000000000012c t _timeGetSession
00000000000085a0 00000000000001ec T timeExit
0000000000008790 00000000000000d8 T timeInitialize
0000000000008870 0000000000000034 t ipcCloseObjectById
00000000000088b0 0000000000000124 t _hidGetSharedMemoryHandle.constprop.10
00000000000089e0 0000000000000134 t _hidCreateAppletResource.constprop.9
0000000000008b20 0000000000000100 t _hidCmdWithNoInput
0000000000008c20 000000000000010c t _hidCmdWithInputU32
0000000000008d30 0000000000000108 t _hidCmdWithInputU64.constprop.11
0000000000008e40 00000000000001d0 T hidReset
0000000000009010 000000000000000c T hidGetSharedmemAddr
0000000000009020 000000000000006c T hidKeysHeld
0000000000009090 000000000000006c T hidKeysDown
0000000000009100 000000000000000c T hidTouchCount
0000000000009110 0000000000000560 T hidScanInput
0000000000009670 0000000000000198 T hidSetSupportedNpadIdType
0000000000009810 000000000000000c T hidSetSupportedNpadStyleSet
0000000000009820 0000000000000008 T hidSetNpadJoyHoldType
0000000000009830 000000000000000c T hidSetNpadJoyAssignmentModeDual
0000000000009840 000000000000012c T hidExit
0000000000009970 0000000000000168 T hidInitialize
0000000000009ae0 0000000000000034 t ipcCloseObjectById
0000000000009b20 0000000000000120 T audoutExit
0000000000009c40 000000000000000c T audoutGetSampleRate
0000000000009c50 00000000000001dc T audoutOpenAudioOut
0000000000009e30 00000000000001e4 T audoutInitialize
000000000000a020 00000000000000cc T audoutStartAudioOut
000000000000a0f0 00000000000000fc T audoutAppendAudioOutBuffer
000000000000a1f0 0000000000000110 T audoutGetReleasedAudioOutBuffer
000000000000a300 0000000000000048 T audoutWaitPlayFinish
000000000000a350 0000000000000220 t ipcPrepareHeader
000000000000a570 000000000000022c t ipcParse
000000000000a7a0 00000000000000b0 t serviceIpcParse
000000000000a850 0000000000000034 t ipcCloseObjectById
000000000000a890 0000000000000200 T fsInitialize
000000000000aa90 000000000000009c T fsExit
000000000000ab30 000000000000013c T fsMountSdcard
000000000000ac70 0000000000000120 T fsFsCreateFile
000000000000ad90 0000000000000118 T fsFsDeleteFile
000000000000aeb0 0000000000000118 T fsFsCreateDirectory
000000000000afd0 0000000000000118 T fsFsDeleteDirectory
000000000000b0f0 0000000000000190 T fsFsRenameFile
000000000000b280 0000000000000190 T fsFsRenameDirectory
000000000000b410 000000000000012c T fsFsGetEntryType
000000000000b540 0000000000000150 T fsFsOpenFile
000000000000b690 0000000000000150 T fsFsOpenDirectory
000000000000b7e0 000000000000012c T fsFsGetFreeSpace
000000000000b910 000000000000012c T fsFsGetTotalSpace
000000000000ba40 0000000000000190 T fsFsGetFileTimeStampRaw
000000000000bbd0 000000000000006c T fsFsClose
000000000000bc40 0000000000000170 T fsFileRead
000000000000bdb0 000000000000010c T fsFileWrite
000000000000bec0 00000000000000e8 T fsFileFlush
000000000000bfb0 00000000000000f0 T fsFileSetSize
000000000000c0a0 0000000000000100 T fsFileGetSize
000000000000c1a0 000000000000006c T fsFileClose
000000000000c210 000000000000006c T fsDirClose
000000000000c280 000000000000016c T fsDirRead
000000000000c3f0 0000000000000044 T smAddOverrideHandle
000000000000c440 0000000000000060 T smGetServiceOverride
000000000000c4a0 0000000000000014 T smHasInitialized
000000000000c4c0 000000000000005c T smExit
000000000000c520 0000000000000038 T smEncodeName
000000000000c560 000000000000012c T smGetServiceOriginal
000000000000c690 0000000000000158 T smInitialize
000000000000c7f0 0000000000000074 T smGetService
000000000000c870 0000000000000140 t _fatalImpl
000000000000c9b0 0000000000000014 T fatalWithType
000000000000c9d0 0000000000000014 T fatalSimple
000000000000c9f0 0000000000000208 T envSetup
000000000000cc00 0000000000000020 T envGetMainThreadHandle
000000000000cc20 000000000000000c T envIsNso
000000000000cc30 0000000000000014 T envHasArgv
000000000000cc50 000000000000000c T envGetArgv
000000000000cc60 000000000000000c T envGetExitFuncPtr
000000000000cc70 0000000000000240 t _socketInetAtonDetail
000000000000ceb0 00000000000000a8 t _socketParseBsdResult.part.0
000000000000cf60 0000000000000048 t _socketRead
000000000000cfb0 0000000000000048 t _socketWrite
000000000000d000 000000000000003c t _socketClose
000000000000d040 000000000000007c t _socketOpen
000000000000d0c0 0000000000000110 t inet_ntop4
000000000000d1d0 0000000000000080 t _socketGetFd
000000000000d250 0000000000000020 T socketExit
000000000000d270 0000000000000108 T socketInitialize
000000000000d380 00000000000001bc T poll
000000000000d540 00000000000000a4 T socket
000000000000d5f0 0000000000000050 T recv
000000000000d640 0000000000000050 T send
000000000000d690 00000000000000ac T accept
000000000000d740 0000000000000054 T bind
000000000000d7a0 0000000000000054 T connect
000000000000d800 000000000000004c T getpeername
000000000000d850 000000000000004c T getsockname
000000000000d8a0 000000000000004c T listen
000000000000d8f0 000000000000005c T setsockopt
000000000000d950 00000000000000d0 T fcntl
000000000000da20 0000000000000244 T ioctl
000000000000dc70 000000000000004c T shutdown
000000000000dcc0 000000000000002c T sockatmark
000000000000dcf0 0000000000000378 T inet_ntop
000000000000e070 0000000000000040 T inet_ntoa
000000000000e0b0 0000000000000024 T inet_aton
000000000000e0e0 0000000000000010 t fsdev_link
000000000000e0f0 0000000000000010 t fsdev_dirreset
000000000000e100 0000000000000010 t fsdev_chmod
000000000000e110 000000000000001c t error_cmp
000000000000e130 0000000000000058 t fsdev_translate_error
000000000000e190 0000000000000040 t fsdev_fsync
000000000000e1d0 0000000000000060 t fsdev_ftruncate
000000000000e230 0000000000000020 t fsdev_dirclose
000000000000e250 000000000000016c t fsdev_dirnext
000000000000e3c0 000000000000001c t fsdev_close
000000000000e3e0 00000000000000a4 t fsdev_fstat
000000000000e490 00000000000000b0 t fsdev_seek
000000000000e540 0000000000000198 t fsdev_read
000000000000e6e0 00000000000001a0 t fsdev_write
000000000000e880 0000000000000120 t fsdevFindDevice
000000000000e9a0 0000000000000168 t _fsdevMountDevice
000000000000eb10 00000000000001fc t fsdev_getfspath
000000000000ed10 0000000000000070 t fsdev_rmdir
000000000000ed80 00000000000000d4 t fsdev_statvfs
000000000000ee60 00000000000000ec t fsdev_diropen
000000000000ef50 0000000000000070 t fsdev_mkdir
000000000000efc0 0000000000000114 t fsdev_rename
000000000000f0e0 00000000000000e8 t fsdev_chdir
000000000000f1d0 0000000000000070 t fsdev_unlink
000000000000f240 00000000000001bc t fsdev_stat
000000000000f400 000000000000019c t fsdev_open
000000000000f5a0 00000000000000b8 t _fsdevUnmountDeviceStruct.part.4
000000000000f660 0000000000000010 t fsdev_fchmod
000000000000f670 0000000000000158 T fsdevMountSdmc
000000000000f7d0 0000000000000064 T fsdevUnmountAll
000000000000f840 0000000000000030 T _convert_errno
000000000000f870 000000000000012c T decode_utf8
000000000000f99c T svcMapMemory
000000000000f9a4 T svcUnmapMemory
000000000000f9ac T svcQueryMemory
000000000000f9c0 T svcExitProcess
000000000000f9c8 T svcCreateThread
000000000000f9dc T svcStartThread
000000000000f9e4 T svcExitThread
000000000000f9ec T svcSleepThread
000000000000f9f4 T svcMapSharedMemory
000000000000f9fc T svcUnmapSharedMemory
000000000000fa04 T svcCreateTransferMemory
000000000000fa18 T svcCloseHandle
000000000000fa20 T svcResetSignal
000000000000fa28 T svcWaitSynchronization
000000000000fa3c T svcArbitrateLock
000000000000fa44 T svcArbitrateUnlock
000000000000fa4c T svcConnectToNamedPort
000000000000fa60 T svcSendSyncRequest
000000000000fa68 T svcBreak
000000000000fa70 T svcReturnFromException
000000000000fa78 T svcGetInfo
000000000000fa8c T svcUnmapTransferMemory
000000000000fa94 T __aarch64_read_tp
000000000000faa0 0000000000000180 t _CacheValues
000000000000fc20 000000000000001c T kernelAbove300
000000000000fc40 0000000000000030 T detectDebugger
000000000000fc70 00000000000000a8 T tmemCreate
000000000000fd20 0000000000000058 T tmemUnmap
000000000000fd80 0000000000000068 T tmemClose
000000000000fdf0 0000000000000104 t _waitLoop
000000000000ff00 0000000000000334 t _waitObjectsImpl
0000000000010240 000000000000000c T waitObjects
0000000000010250 000000000000004c T rwlockReadLock
00000000000102a0 000000000000004c T rwlockReadUnlock
00000000000102f0 0000000000000008 T rwlockWriteLock
0000000000010300 0000000000000008 T rwlockWriteUnlock
0000000000010310 0000000000000014 T shmemLoadRemote
0000000000010330 0000000000000084 T shmemMap
00000000000103c0 0000000000000058 T shmemUnmap
0000000000010420 0000000000000044 T shmemClose
0000000000010470 000000000000007c t _GetRegionFromInfo.isra.1
00000000000104f0 0000000000000114 T virtmemSetup
0000000000010610 000000000000013c T virtmemReserve
0000000000010750 0000000000000004 T virtmemFree
0000000000010760 00000000000000c8 T virtmemReserveStack
0000000000010830 0000000000000004 T virtmemFreeStack
0000000000010840 000000000000000c T eventLoadRemote
0000000000010850 0000000000000038 T eventWait
0000000000010890 0000000000000050 T eventClose
00000000000108e0 0000000000000034 t ipcCloseObjectById
0000000000010920 0000000000000120 t _bsdRegisterClient.isra.5.constprop.11
0000000000010a40 0000000000000308 t _bsdDispatchBasicCommand.isra.6
0000000000010d50 0000000000000044 t _bsdSocketCreationCommand
0000000000010da0 0000000000000044 t _bsdDispatchCommandWithOutAddrlen.isra.7
0000000000010df0 00000000000000fc t _bsdNameGetterCommand
0000000000010ef0 00000000000000c8 t ipcQueryPointerBufferSize.constprop.10
0000000000010fc0 00000000000000f8 t _bsdStartMonitor.constprop.9
00000000000110c0 00000000000000f0 T bsdExit
00000000000111b0 000000000000014c T bsdInitialize
0000000000011300 0000000000000014 T bsdSocket
0000000000011320 00000000000000c4 T bsdOpen
00000000000113f0 000000000000013c T bsdPoll
0000000000011530 00000000000000fc T bsdRecv
0000000000011630 00000000000000bc T bsdSend
00000000000116f0 0000000000000014 T bsdAccept
0000000000011710 00000000000000a8 T bsdBind
00000000000117c0 00000000000000a8 T bsdConnect
0000000000011870 0000000000000014 T bsdGetPeerName
0000000000011890 0000000000000014 T bsdGetSockName
00000000000118b0 0000000000000040 T bsdListen
00000000000118f0 00000000000003bc T bsdIoctl
0000000000011cb0 0000000000000090 T bsdFcntl
0000000000011d40 00000000000000ac T bsdSetSockOpt
0000000000011df0 0000000000000040 T bsdShutdown
0000000000011e30 00000000000000bc T bsdWrite
0000000000011ef0 00000000000000fc T bsdRead
0000000000011ff0 0000000000000040 T bsdClose
0000000000012030 0000000000000034 t ipcCloseObjectById
0000000000012070 00000000000000c4 t ipcConvertSessionToDomain
0000000000012140 000000000000010c t ipcCloneSession.constprop.14
0000000000012250 000000000000028c t _nifmCreateGeneralService.constprop.11
00000000000124e0 000000000000028c t _nifmCreateGeneralServiceOld.constprop.12
0000000000012770 00000000000000f0 T nifmExit
0000000000012860 00000000000000d4 T nifmInitialize
0000000000012940 00000000000000a0 T __nx_dynamic
00000000000129e0 0000000000000028 W __libnx_init
0000000000012a10 0000000000000020 W __libnx_exit
0000000000012a30 0000000000000008 t mutexInit
0000000000012a40 000000000000000c t rmutexInit
0000000000012a50 000000000000008c T __libnx_gtod
0000000000012ae0 0000000000000020 T __libnx_clock_settime
0000000000012b00 0000000000000028 T __libnx_nanosleep
0000000000012b30 0000000000000034 t __libnx_get_reent
0000000000012b70 00000000000000f8 T __libnx_clock_gettime
0000000000012c70 0000000000000058 T __libnx_clock_getres
0000000000012cd0 0000000000000118 T newlibSetup
0000000000012df0 0000000000000368 T argvSetup
0000000000013158 W __libnx_exception_entry
00000000000131e4 t __libnx_exception_entry_start
000000000001330c t __libnx_exception_entry_abort
0000000000013310 t __libnx_exception_entry_end
0000000000013318 T __libnx_exception_returnentry
0000000000013330 00000000000000c4 T nxlinkSetup
0000000000013400 0000000000000094 T mpg123_new_pars
00000000000134a0 000000000000000c T mpg123_delete_pars
00000000000134b0 0000000000000070 T mpg123_reset_eq
0000000000013520 00000000000000e8 T INT123_frame_outbuffer
0000000000013610 0000000000000074 T mpg123_replace_buffer
0000000000013690 0000000000000048 T INT123_frame_index_setup
00000000000136e0 0000000000000170 T INT123_frame_buffers
0000000000013850 0000000000000084 T INT123_frame_buffers_reset
00000000000138e0 0000000000000054 T INT123_frame_fill_toc
0000000000013940 00000000000000b0 T INT123_frame_exit
00000000000139f0 0000000000000050 T mpg123_framedata
0000000000013a40 0000000000000270 T INT123_frame_index_find
0000000000013cb0 000000000000005c T INT123_frame_ins2outs
0000000000013d10 0000000000000068 T INT123_frame_outs
0000000000013d80 0000000000000060 T INT123_frame_expect_outsamples
0000000000013de0 000000000000005c T INT123_frame_offset
0000000000013e40 000000000000005c T INT123_frame_gapless_init
0000000000013ea0 0000000000000280 T INT123_frame_init_par
0000000000014120 0000000000000008 T INT123_frame_init
0000000000014130 0000000000000140 T INT123_frame_reset
0000000000014270 000000000000005c T INT123_frame_gapless_realinit
00000000000142d0 00000000000000c4 T INT123_frame_gapless_update
00000000000143a0 0000000000000128 T INT123_frame_set_frameseek
00000000000144d0 0000000000000020 T INT123_frame_skip
00000000000144f0 0000000000000090 T INT123_frame_set_seek
0000000000014580 0000000000000150 T INT123_do_rva
00000000000146d0 000000000000002c T mpg123_volume
0000000000014700 0000000000000018 T mpg123_volume_change
0000000000014720 0000000000000080 T mpg123_getvolume
00000000000147a0 0000000000000014 T mpg123_framepos
00000000000147c0 0000000000000f08 t freq_fit
00000000000156d0 0000000000000024 T mpg123_rates
0000000000015700 0000000000000024 T mpg123_encodings
0000000000015730 0000000000000044 T mpg123_encsize
0000000000015780 0000000000000a8c T INT123_frame_output_format
0000000000016210 0000000000000080 T mpg123_fmt_none
0000000000016290 0000000000000040 T mpg123_format_none
00000000000162d0 00000000000001c8 T mpg123_fmt_all
00000000000164a0 0000000000000040 T mpg123_format_all
00000000000164e0 0000000000000334 T mpg123_fmt
0000000000016820 0000000000000040 T mpg123_format
0000000000016860 0000000000000218 T mpg123_fmt_support
0000000000016a80 0000000000000018 T mpg123_format_support
0000000000016aa0 0000000000000010 T INT123_invalidate_format
0000000000016ab0 0000000000000018 T INT123_decoder_synth_bytes
0000000000016ad0 0000000000000018 T INT123_samples_to_bytes
0000000000016af0 0000000000000018 T INT123_bytes_to_samples
0000000000016b10 0000000000000044 T INT123_outblock_bytes
0000000000016b60 0000000000001968 T INT123_postprocess_buffer
00000000000184d0 0000000000000418 t convert_latin1
00000000000188f0 000000000000006c t convert_utf8
0000000000018960 000000000000027c t promote_framename.isra.0
0000000000018be0 00000000000000d4 t check_bom
0000000000018cc0 0000000000000444 t convert_utf16bom
0000000000019110 0000000000000044 T INT123_init_id3
0000000000019160 00000000000002e8 T INT123_exit_id3
0000000000019450 0000000000000018 T INT123_reset_id3
0000000000019470 00000000000005b4 T INT123_id3_link
0000000000019a30 00000000000001dc T INT123_id3_to_utf8
0000000000019c10 00000000000019a0 T INT123_parse_new_id3
000000000001b5b0 000000000000004c t synth_stereo_wrap
000000000001b600 0000000000000008 T INT123_defdec
000000000001b610 0000000000000040 T INT123_decclass
000000000001b650 000000000000039c T INT123_set_synth_functions
000000000001b9f0 0000000000000130 T INT123_dectype
000000000001bb20 0000000000000114 T INT123_frame_cpu_opt
000000000001bc40 0000000000000004 T INT123_check_decoders
000000000001bc50 0000000000000028 T mpg123_current_decoder
000000000001bc80 000000000000000c T mpg123_decoders
000000000001bc90 000000000000000c T mpg123_supported_decoders
000000000001bca0 0000000000000008 t nix_lseek
000000000001bcb0 00000000000000b0 t plain_fullread
000000000001bd60 000000000000005c t generic_head_read
000000000001bdc0 0000000000000060 t generic_head_shift
000000000001be20 0000000000000034 t generic_read_frame_body
000000000001be60 0000000000000030 t generic_tell
000000000001be90 0000000000000050 t feed_skip_bytes
000000000001bee0 0000000000000008 t feed_seek_frame
000000000001bef0 0000000000000014 t bad_init
000000000001bf10 0000000000000004 t bad_close
000000000001bf20 0000000000000014 t bad_fullread
000000000001bf40 0000000000000014 t bad_head_read
000000000001bf60 0000000000000014 t bad_skip_bytes
000000000001bf80 0000000000000014 t bad_read_frame_body
000000000001bfa0 0000000000000014 t bad_back_bytes
000000000001bfc0 0000000000000014 t bad_tell
000000000001bfe0 0000000000000038 t plain_read
000000000001c020 00000000000003e4 t buffered_fullread
000000000001c410 00000000000000e4 t stream_seek_frame
000000000001c500 0000000000000004 t posix_lseek
000000000001c510 0000000000000014 t posix_read
000000000001c530 0000000000000078 t feed_back_bytes
000000000001c5b0 000000000000009c t stream_skip_bytes.part.5
000000000001c650 0000000000000014 t bad_seek_frame
000000000001c670 0000000000000014 t bad_head_shift
000000000001c690 0000000000000004 t bad_rewind
000000000001c6a0 00000000000000e0 t buffered_forget
000000000001c780 00000000000003cc t stream_close
000000000001cb50 0000000000000354 t feed_init
000000000001ceb0 00000000000003a4 t icy_fullread
000000000001d260 00000000000001a4 t feed_read
000000000001d410 00000000000000fc t stream_back_bytes
000000000001d510 000000000000009c t stream_rewind
000000000001d5b0 00000000000000d0 t stream_skip_bytes
000000000001d680 0000000000000334 t default_init
000000000001d9c0 000000000000000c T INT123_bc_fill
000000000001d9d0 0000000000000008 T INT123_bc_poolsize
000000000001d9e0 0000000000000024 T INT123_bc_prepare
000000000001da10 00000000000000e4 T INT123_bc_cleanup
000000000001db00 00000000000001a0 T INT123_feed_more
000000000001dca0 00000000000003cc T INT123_feed_set_pos
000000000001e070 0000000000000054 T INT123_open_bad
000000000001e0d0 0000000000000098 T INT123_open_feed
000000000001e170 0000000000000110 T INT123_open_stream
000000000001e280 00000000000000a4 T INT123_open_stream_handle
000000000001e330 00000000000002d4 T INT123_prepare_decode_tables
000000000001e610 0000000000000308 T INT123_make_decode_tables
000000000001e920 0000000000000ac0 T INT123_make_conv16to8_table
000000000001f3e0 0000000000000160 t frame_buffercheck.part.3
000000000001f540 0000000000000034 T mpg123_init
000000000001f580 0000000000000004 T mpg123_exit
000000000001f590 00000000000000a8 T mpg123_parnew
000000000001f640 0000000000000010 T mpg123_new
000000000001f650 00000000000000d0 T mpg123_decoder
000000000001f720 00000000000001b8 T mpg123_par
000000000001f8e0 00000000000000a8 T mpg123_param
000000000001f990 00000000000001c8 T mpg123_getpar
000000000001fb60 0000000000000040 T mpg123_getparam
000000000001fba0 00000000000000f0 T mpg123_getstate
000000000001fc90 00000000000000ac T mpg123_eq
000000000001fd40 0000000000000070 T mpg123_geteq
000000000001fdb0 00000000000001f4 T INT123_decode_update
000000000001ffb0 00000000000001d0 t get_next_frame
0000000000020180 000000000000000c T mpg123_safe_buffer
0000000000020190 0000000000000014 T mpg123_outblock
00000000000201b0 00000000000001a0 T mpg123_framebyframe_decode
0000000000020350 00000000000001fc T mpg123_framebyframe_next
0000000000020550 0000000000000384 T mpg123_decode_frame
00000000000208e0 0000000000000070 T mpg123_feed
0000000000020950 0000000000000420 T mpg123_decode
0000000000020d70 0000000000000018 T mpg123_read
0000000000020d90 0000000000000018 T mpg123_clip
0000000000020db0 0000000000000164 T mpg123_info
0000000000020f20 0000000000000220 T mpg123_getformat2
0000000000021140 0000000000000008 T mpg123_getformat
0000000000021150 00000000000001f4 T mpg123_timeframe
0000000000021350 000000000000010c T mpg123_tell
0000000000021460 0000000000000040 T mpg123_tellframe
00000000000214a0 0000000000000018 T mpg123_tell_stream
00000000000214c0 0000000000000260 T mpg123_feedseek
0000000000021720 0000000000000374 T mpg123_seek_frame
0000000000021aa0 0000000000000018 T mpg123_set_filesize
0000000000021ac0 0000000000000248 T mpg123_framelength
0000000000021d10 00000000000002b8 T mpg123_length
0000000000021fd0 00000000000001e8 T mpg123_scan
00000000000221c0 00000000000002d0 T mpg123_seek
0000000000022490 0000000000000018 T mpg123_meta_check
00000000000224b0 0000000000000024 T mpg123_meta_free
00000000000224e0 00000000000000b0 T mpg123_id3
0000000000022590 0000000000000060 T mpg123_icy
00000000000225f0 0000000000000008 T mpg123_icy2utf8
0000000000022600 0000000000000028 T mpg123_enc_from_id3
0000000000022630 000000000000016c T mpg123_store_utf8
00000000000227a0 000000000000005c T mpg123_index
0000000000022800 000000000000005c T mpg123_set_index
0000000000022860 0000000000000068 T mpg123_close
00000000000228d0 0000000000000038 T mpg123_open
0000000000022910 0000000000000038 T mpg123_open_fd
0000000000022950 000000000000005c T mpg123_open_handle
00000000000229b0 0000000000000028 T mpg123_open_feed
00000000000229e0 0000000000000040 T mpg123_replace_reader
0000000000022a20 0000000000000050 T mpg123_replace_reader_handle
0000000000022a70 000000000000002c T mpg123_delete
0000000000022aa0 000000000000007c T mpg123_plain_strerror
0000000000022b20 0000000000000018 T mpg123_errcode
0000000000022b40 0000000000000010 T mpg123_strerror
0000000000022b50 0000000000000014 T INT123_fi_init
0000000000022b70 0000000000000028 T INT123_fi_exit
0000000000022ba0 00000000000001c0 T INT123_fi_resize
0000000000022d60 00000000000001b4 T INT123_fi_add
0000000000022f20 0000000000000074 T INT123_fi_set
0000000000022fa0 0000000000000010 T INT123_fi_reset
0000000000022fb0 000000000000000c T mpg123_init_string
0000000000022fc0 000000000000002c T mpg123_free_string
0000000000022ff0 000000000000008c T mpg123_resize_string
0000000000023080 0000000000000034 T mpg123_grow_string
00000000000230c0 00000000000000b0 T mpg123_copy_string
0000000000023170 0000000000000110 T mpg123_add_substring
0000000000023280 000000000000003c T mpg123_add_string
00000000000232c0 0000000000000018 T mpg123_set_substring
00000000000232e0 0000000000000018 T mpg123_set_string
0000000000023300 0000000000000304 T mpg123_strlen
0000000000023610 0000000000000174 T mpg123_chomp_string
0000000000023790 0000000000000008 T INT123_init_icy
00000000000237a0 0000000000000020 T INT123_clear_icy
00000000000237c0 0000000000000018 T INT123_reset_icy
00000000000237e0 0000000000000334 T INT123_icy2utf8
0000000000023b20 00000000000001c8 T INT123_ntom_val
0000000000023cf0 0000000000000188 T INT123_synth_ntom_set_step
0000000000023e80 000000000000001c T INT123_ntom_set_ntom
0000000000023ea0 000000000000002c T INT123_ntom_frame_outsamples
0000000000023ed0 0000000000000190 T INT123_ntom_frmouts
0000000000024060 0000000000000130 T INT123_ntom_ins2outs
0000000000024190 0000000000000140 T INT123_ntom_frameoff
00000000000242d0 0000000000000420 T INT123_synth_1to1
00000000000246f0 00000000000000c8 T INT123_synth_1to1_mono
00000000000247c0 0000000000000090 T INT123_synth_1to1_m2s
0000000000024850 0000000000000420 T INT123_synth_2to1
0000000000024c70 00000000000000d4 T INT123_synth_2to1_mono
0000000000024d50 00000000000000bc T INT123_synth_2to1_m2s
0000000000024e10 0000000000000988 T INT123_synth_4to1
00000000000257a0 0000000000000094 T INT123_synth_4to1_mono
0000000000025840 000000000000007c T INT123_synth_4to1_m2s
00000000000258c0 0000000000000f24 T INT123_synth_ntom
00000000000267f0 0000000000000180 T INT123_synth_ntom_mono
0000000000026970 0000000000000140 T INT123_synth_ntom_m2s
0000000000026ab0 0000000000000440 T INT123_synth_1to1_8bit
0000000000026ef0 00000000000000bc T INT123_synth_1to1_8bit_mono
0000000000026fb0 0000000000000090 T INT123_synth_1to1_8bit_m2s
0000000000027040 0000000000000144 T INT123_synth_1to1_8bit_wrap
0000000000027190 000000000000011c T INT123_synth_1to1_8bit_wrap_mono
00000000000272b0 0000000000000198 T INT123_synth_1to1_8bit_wrap_m2s
0000000000027450 0000000000000438 T INT123_synth_2to1_8bit
0000000000027890 00000000000000d4 T INT123_synth_2to1_8bit_mono
0000000000027970 00000000000000bc T INT123_synth_2to1_8bit_m2s
0000000000027a30 0000000000000648 T INT123_synth_4to1_8bit
0000000000028080 0000000000000094 T INT123_synth_4to1_8bit_mono
0000000000028120 000000000000007c T INT123_synth_4to1_8bit_m2s
00000000000281a0 0000000000000a68 T INT123_synth_ntom_8bit
0000000000028c10 000000000000016c T INT123_synth_ntom_8bit_mono
0000000000028d80 0000000000000148 T INT123_synth_ntom_8bit_m2s
0000000000028ed0 0000000000000430 T INT123_init_layer12
0000000000029300 0000000000000100 T INT123_init_layer12_stuff
0000000000029400 0000000000000150 T INT123_init_layer12_table
0000000000029550 0000000000001724 T INT123_do_layer2
000000000002ac80 0000000000000344 t III_get_scale_factors_2
000000000002afd0 00000000000003a0 t dct12
000000000002b370 0000000000001540 t III_dequantize_sample
000000000002c8b0 00000000000011a4 t III_get_scale_factors_1.isra.0
000000000002da60 0000000000000028 T INT123_init_layer3_gainpow2
000000000002da90 0000000000001ef4 T INT123_init_layer3
000000000002f990 0000000000000538 T INT123_init_layer3_stuff
000000000002fed0 00000000000004d8 T INT123_dct36
00000000000303b0 00000000000025e4 T INT123_do_layer3
00000000000329a0 0000000000000448 T INT123_synth_1to1_s32
0000000000032df0 00000000000000bc T INT123_synth_1to1_s32_mono
0000000000032eb0 0000000000000090 T INT123_synth_1to1_s32_m2s
0000000000032f40 0000000000000448 T INT123_synth_2to1_s32
0000000000033390 00000000000000d4 T INT123_synth_2to1_s32_mono
0000000000033470 00000000000000bc T INT123_synth_2to1_s32_m2s
0000000000033530 00000000000009f4 T INT123_synth_4to1_s32
0000000000033f30 0000000000000094 T INT123_synth_4to1_s32_mono
0000000000033fd0 000000000000007c T INT123_synth_4to1_s32_m2s
0000000000034050 0000000000000f54 T INT123_synth_ntom_s32
0000000000034fb0 00000000000001a8 T INT123_synth_ntom_s32_mono
0000000000035160 0000000000000140 T INT123_synth_ntom_s32_m2s
00000000000352a0 0000000000000350 T INT123_synth_1to1_real
00000000000355f0 00000000000000bc T INT123_synth_1to1_real_mono
00000000000356b0 0000000000000090 T INT123_synth_1to1_real_m2s
0000000000035740 0000000000000340 T INT123_synth_2to1_real
0000000000035a80 00000000000000d4 T INT123_synth_2to1_real_mono
0000000000035b60 00000000000000bc T INT123_synth_2to1_real_m2s
0000000000035c20 0000000000000760 T INT123_synth_4to1_real
0000000000036380 0000000000000094 T INT123_synth_4to1_real_mono
0000000000036420 000000000000007c T INT123_synth_4to1_real_m2s
00000000000364a0 0000000000000588 T INT123_synth_ntom_real
0000000000036a30 00000000000001a8 T INT123_synth_ntom_real_mono
0000000000036be0 0000000000000140 T INT123_synth_ntom_real_m2s
0000000000036d20 0000000000000020 T compat_getenv
0000000000036d40 0000000000000008 T INT123_compat_open
0000000000036d50 0000000000000004 T INT123_compat_fopen
0000000000036d60 0000000000000004 T INT123_compat_fdopen
0000000000036d70 0000000000000004 T INT123_compat_close
0000000000036d80 0000000000000004 T INT123_compat_fclose
0000000000036d90 0000000000000134 T compat_catpath
0000000000036ed0 0000000000000048 T compat_isdir
0000000000036f20 000000000000002c T compat_dirclose
0000000000036f50 0000000000000088 T compat_diropen
0000000000036fe0 00000000000000a8 T compat_nextfile
0000000000037090 00000000000000a8 T compat_nextdir
0000000000037140 0000000000000080 T INT123_unintr_write
00000000000371c0 0000000000000080 T INT123_unintr_read
0000000000037240 000000000000002c T INT123_catchsignal
0000000000037270 0000000000000010 T INT123_safe_realloc
0000000000037280 0000000000000070 T INT123_compat_strdup
00000000000372f0 0000000000000034 t bit_read_long
0000000000037330 000000000000062c t decode_header
0000000000037960 0000000000000030 T INT123_frame_bitrate
0000000000037990 000000000000001c T INT123_frame_freq
00000000000379b0 000000000000004c T INT123_set_pointer
0000000000037a00 0000000000000024 T INT123_compute_bpf
0000000000037a30 0000000000001c6c T INT123_read_frame
00000000000396a0 0000000000000020 T mpg123_spf
00000000000396c0 000000000000004c T mpg123_tpf
0000000000039710 0000000000000268 T mpg123_position
0000000000039980 0000000000000068 T INT123_get_songlen
00000000000399f0 000000000000083c T INT123_dct64
000000000003a230 00000000000000b8 T INT123_do_equalizer
000000000003a2f0 000000000000250c T INT123_do_layer1
000000000003c800 00000000000000a8 T cos
000000000003c8a8 00000000000000b0 T sin
000000000003c958 0000000000000118 T log
000000000003ca70 0000000000000304 T pow
000000000003cd78 0000000000000250 T __ieee754_log
000000000003cfc8 00000000000007bc T __ieee754_pow
000000000003d788 00000000000002dc T __ieee754_rem_pio2
000000000003da68 0000000000000008 T __ieee754_sqrt
000000000003da70 0000000000000130 T __kernel_cos
000000000003dba0 0000000000000844 T __kernel_rem_pio2
000000000003e3e8 000000000000009c T __kernel_sin
000000000003e488 0000000000000008 T fabs
000000000003e490 0000000000000018 T finite
000000000003e4a8 0000000000000008 T floor
000000000003e4b0 0000000000000008 T matherr
000000000003e4b8 000000000000000c T nan
000000000003e4c8 0000000000000008 T rint
000000000003e4d0 000000000000012c T scalbn
000000000003e600 0000000000000024 T copysign
000000000003e628 0000000000000064 T __assert_func
000000000003e690 0000000000000008 T atof
000000000003e698 00000000000000b8 T bsearch
000000000003e750 0000000000000030 T calloc
000000000003e780 0000000000000094 T _calloc_r
000000000003e818 0000000000000014 T __errno
000000000003e830 000000000000015c T _fclose_r
000000000003e990 000000000000001c T fclose
000000000003e9b0 000000000000014c T _fdopen_r
000000000003eb00 0000000000000030 T fdopen
000000000003eb30 0000000000000214 T __sflush_r
000000000003ed48 00000000000000b8 T _fflush_r
000000000003ee00 0000000000000040 T fflush
000000000003ee40 00000000000001b0 T _fgets_r
000000000003eff0 000000000000003c T fgets
000000000003f030 00000000000000a8 T fileno
000000000003f0d8 0000000000000078 t std
000000000003f150 000000000000000c T _cleanup_r
000000000003f160 0000000000000060 T __sfmoreglue
000000000003f1c0 000000000000000c T __sfp_lock_acquire
000000000003f1d0 000000000000000c T __sfp_lock_release
000000000003f1e0 000000000000000c T __sinit_lock_acquire
000000000003f1f0 000000000000000c T __sinit_lock_release
000000000003f200 0000000000000080 T __sinit
000000000003f280 0000000000000118 T __sfp
000000000003f398 0000000000000044 T __libc_fini_array
000000000003f3e0 0000000000000094 T fiprintf
000000000003f478 00000000000000a8 T __sflags
000000000003f520 0000000000000130 T _fopen_r
000000000003f650 0000000000000030 T fopen
000000000003f680 0000000000000094 T fprintf
000000000003f718 0000000000000328 T _fread_r
000000000003fa40 0000000000000040 T fread
000000000003fa80 0000000000000118 T _malloc_trim_r
000000000003fb98 00000000000002f4 T _free_r
000000000003fe90 0000000000000004 T _fseek_r
000000000003fe98 000000000000003c T fseek
000000000003fed8 00000000000004c4 T _fseeko_r
00000000000403a0 0000000000000004 T _ftell_r
00000000000403a8 000000000000001c T ftell
00000000000403c8 0000000000000164 T _ftello_r
0000000000040530 00000000000004b8 T __sfvwrite_r
00000000000409e8 00000000000000b8 T _fwalk
0000000000040aa0 00000000000000bc T _fwalk_reent
0000000000040b60 00000000000000e0 T _fwrite_r
0000000000040c40 0000000000000040 T fwrite
0000000000040c80 0000000000000024 T getenv
0000000000040ca8 0000000000000100 T _findenv_r
0000000000040da8 0000000000000018 T _getenv_r
0000000000040dc0 0000000000000028 T gmtime
0000000000040de8 0000000000000290 T gmtime_r
0000000000041078 000000000000008c T __libc_init_array
0000000000041108 000000000000002c T __locale_mb_cur_max
0000000000041138 0000000000000008 T __locale_ctype_ptr_l
0000000000041140 000000000000002c T __locale_ctype_ptr
0000000000041170 00000000000000a4 T __swhatbuf_r
0000000000041218 000000000000010c T __smakebuf_r
0000000000041328 0000000000000030 T memalign
0000000000041358 0000000000000198 T _memalign_r
00000000000414f0 000000000000001c T malloc
0000000000041510 000000000000001c T free
0000000000041530 0000000000000844 T _malloc_r
0000000000041d78 00000000000002c8 T __utf8_mbtowc
0000000000042040 00000000000000d8 T memchr
0000000000042140 000000000000016c T memcpy
00000000000422c0 00000000000000ac T memmove
0000000000042380 00000000000001d8 T memset
0000000000042558 000000000000000c T __malloc_lock
0000000000042568 000000000000000c T __malloc_unlock
0000000000042578 000000000000008c T printf
0000000000042608 0000000000000030 T realloc
0000000000042638 000000000000056c T _realloc_r
0000000000042ba8 0000000000000020 t lflush
0000000000042bc8 00000000000001d0 T __srefill_r
0000000000042d98 0000000000000030 T rename
0000000000042dc8 000000000000025c T setvbuf
0000000000043028 000000000000014c T snprintf
0000000000043178 00000000000000a8 T sprintf
0000000000043220 00000000000000bc T sscanf
00000000000432e0 0000000000000050 T __sread
0000000000043330 0000000000000008 T __seofread
0000000000043338 000000000000006c T __swrite
00000000000433a8 0000000000000050 T __sseek
00000000000433f8 0000000000000008 T __sclose
0000000000043400 00000000000001bc T stpcpy
00000000000435c0 00000000000000a0 T strcasecmp
0000000000043660 00000000000000dc T strchr
0000000000043740 00000000000000a4 T strcmp
0000000000043800 00000000000001b8 T strcpy
00000000000439b8 000000000000001c T strdup
00000000000439d8 0000000000000058 T _strdup_r
0000000000043a30 0000000000000418 T _strerror_r
0000000000043e48 0000000000000024 T strerror
0000000000043e70 0000000000000170 t iso_year_adjust
0000000000043fe0 0000000000000f2c t __strftime
0000000000044f10 0000000000000048 T strftime
0000000000044f80 0000000000000140 T strlen
00000000000450c0 00000000000000cc T strncasecmp
0000000000045190 0000000000000084 T strncat
000000000004525c 0000000000000108 T strncmp
0000000000045368 00000000000000a8 T strncpy
0000000000045464 00000000000000e0 T strnlen
0000000000045520 0000000000000100 T strrchr
0000000000045620 0000000000000120 t critical_factorization
0000000000045740 00000000000003b4 t two_way_long_needle
0000000000045af8 0000000000000364 T strstr
0000000000045e60 0000000000000054 t sulp
0000000000045eb8 00000000000010f0 T _strtod_l
0000000000046fa8 0000000000000040 T _strtod_r
0000000000046fe8 0000000000000050 T strtod
0000000000047038 00000000000001d0 t _strtol_l.isra.0
0000000000047208 0000000000000048 T _strtol_r
0000000000047250 00000000000001e0 t _strtoul_l.isra.0
0000000000047430 0000000000000048 T _strtoul_r
0000000000047478 000000000000005c T strtoul
00000000000474d4 000000000000076c t get_arg
0000000000047c40 0000000000003b44 T _svfprintf_r
000000000004b784 000000000000005c t get_arg
000000000004b7e0 0000000000002f48 T __ssvfscanf_r
000000000004e728 000000000000001c T close
000000000004e748 0000000000000030 T fstat
000000000004e778 000000000000003c T lseek
000000000004e7b8 0000000000000098 T open
000000000004e850 0000000000000038 T read
000000000004e888 0000000000000030 T stat
000000000004e8b8 000000000000001c T unlink
000000000004e8d8 0000000000000038 T write
000000000004e910 0000000000000040 T time
000000000004e950 000000000000000c T __tz_lock
000000000004e960 000000000000000c T __tz_unlock
000000000004e970 0000000000000014 T _tzset_unlocked
000000000004e988 000000000000050c T _tzset_unlocked_r
000000000004ee98 0000000000000008 T _user_strerror
000000000004eea0 000000000000076c t get_arg
000000000004f60c 000000000000003c T __sprint_r
000000000004f648 0000000000002984 T _vfiprintf_r
0000000000051fcc 00000000000000ec t __sbprintf
00000000000520b8 000000000000076c t get_arg
0000000000052824 0000000000003bfc T _vfprintf_r
0000000000056420 000000000000004c T vfprintf
000000000005646c 00000000000000ec t __sbprintf
0000000000056558 0000000000000044 T vprintf
00000000000565a0 00000000000000e0 T _vsnprintf_r
0000000000056680 0000000000000050 T vsnprintf
00000000000566d0 00000000000000d0 T _wcrtomb_r
00000000000567a0 0000000000000010 T _wcsrtombs_r
00000000000567b0 00000000000000e4 T __utf8_wctomb
0000000000056898 0000000000000140 T __swsetup_r
00000000000569d8 0000000000000018 T abort
00000000000569f0 000000000000000c T abs
0000000000056a00 000000000000017c T __call_exitprocs
0000000000056b80 00000000000001a8 t quorem
0000000000056d28 00000000000010dc T _dtoa_r
0000000000057e08 000000000000000c T __env_lock
0000000000057e18 000000000000000c T __env_unlock
0000000000057e28 0000000000000114 t rshift
0000000000057f40 00000000000007e8 T __gethex
0000000000058728 0000000000000048 T __match
0000000000058770 000000000000022c T __hexnan
00000000000589a0 000000000000000c T __gettzinfo
00000000000589b0 0000000000000084 T iswspace
0000000000058a38 0000000000000244 t __jp2uc
0000000000058c80 00000000000000d0 T _jp2uc
0000000000058d50 000000000000000c T labs
0000000000058d60 0000000000000008 T __localeconv_l
0000000000058d68 0000000000000028 T _localeconv_r
0000000000058d90 00000000000000d8 T _mbrtowc_r
0000000000058e80 00000000000000b0 T memcmp
0000000000058f30 0000000000000090 T _Balloc
0000000000058fc0 000000000000001c T _Bfree
0000000000058fe0 00000000000000e8 T __multadd
00000000000590c8 0000000000000120 T __s2b
00000000000591e8 000000000000005c T __hi0bits
0000000000059248 00000000000000a0 T __lo0bits
00000000000592e8 000000000000002c T __i2b
0000000000059318 00000000000001c8 T __multiply
00000000000594e0 0000000000000104 T __pow5mult
00000000000595e8 0000000000000134 T __lshift
0000000000059720 0000000000000050 T __mcmp
0000000000059770 000000000000014c T __mdiff
00000000000598c0 0000000000000068 T __ulp
0000000000059928 0000000000000150 T __b2d
0000000000059a78 0000000000000138 T __d2b
0000000000059bb0 00000000000000a0 T __ratio
0000000000059c50 0000000000000068 T __copybits
0000000000059cb8 0000000000000084 T __any_on
0000000000059d40 00000000000000bc T __sccl
0000000000059e00 000000000000000c T nanf
0000000000059e10 000000000000007c T frexp
0000000000059e90 00000000000000b4 T _raise_r
0000000000059f48 000000000000001c T raise
0000000000059f68 00000000000000bc T siscanf
000000000005a028 000000000000014c T sniprintf
000000000005a178 00000000000000c8 T stpncpy
000000000005a240 00000000000001d0 t _strtoll_l.isra.0
000000000005a410 0000000000000048 T _strtoll_r
000000000005a458 00000000000001e0 t _strtoull_l.isra.0
000000000005a638 0000000000000048 T _strtoull_r
000000000005a680 000000000000076c t get_arg
000000000005adec 00000000000001c0 T __ssprint_r
000000000005afac 0000000000002884 T _svfiprintf_r
000000000005d830 000000000000005c t get_arg
000000000005d88c 00000000000000f4 T _sungetc_r
000000000005d980 0000000000000070 T __ssrefill_r
000000000005d9f0 00000000000000e0 T _sfread_r
000000000005dad0 0000000000002678 T __ssvfiscanf_r
0000000000060148 0000000000000230 T __tzcalc_limits
0000000000060378 00000000000000c8 T __submore
0000000000060440 00000000000001dc T _wcsnrtombs_l
0000000000060620 0000000000000054 T _wcsnrtombs_r
0000000000060678 0000000000000008 t null_write
0000000000060680 0000000000000018 T setDefaultDevice
0000000000060698 00000000000000f8 T FindDevice
0000000000060790 0000000000000034 T RemoveDevice
00000000000607c8 00000000000000d8 T AddDevice
00000000000608a0 00000000000000a8 T _close_r
0000000000060948 0000000000000080 T _fstat_r
00000000000609c8 0000000000000010 T _getpid_r
00000000000609d8 0000000000000028 T _gettimeofday_r
0000000000060a00 0000000000000008 T _isatty_r
0000000000060a08 0000000000000010 T _kill_r
0000000000060a18 0000000000000094 T _lseek_r
0000000000060ab0 00000000000000e0 T _open_r
0000000000060b90 00000000000000a4 T _read_r
0000000000060c38 0000000000000078 T _sbrk_r
0000000000060cb0 0000000000000074 T _stat_r
0000000000060d28 0000000000000074 T _unlink_r
0000000000060da0 00000000000000a4 T _write_r
0000000000060e48 0000000000000024 T _exit
0000000000060e70 0000000000000234 T _concatenate_path
00000000000610a8 0000000000000178 T chdir
0000000000061220 0000000000000074 T mkdir
0000000000061298 0000000000000090 T _rename_r
0000000000061328 000000000000007c T statvfs
00000000000613a8 0000000000000018 T __libc_lock_acquire
00000000000613c0 0000000000000018 T __libc_lock_release
00000000000613d8 0000000000000018 T __libc_lock_init_recursive
00000000000613f0 0000000000000018 T __libc_lock_acquire_recursive
0000000000061408 0000000000000018 T __libc_lock_release_recursive
0000000000061420 0000000000000018 T __libc_lock_close_recursive
0000000000061438 000000000000003c T __free_handle
0000000000061478 0000000000000058 T __release_handle
00000000000614d0 00000000000000c0 T __alloc_handle
0000000000061590 0000000000000020 T __get_handle
00000000000615b0 0000000000000074 t __dirnext
0000000000061628 0000000000000110 T opendir
0000000000061738 00000000000000a4 T closedir
00000000000617e0 00000000000000fc T readdir
00000000000618e0 0000000000000024 T __getreent
0000000000061908 000000000000007c T rmdir
0000000000061988 0000000000000150 t __extenddftf2
0000000000061ad8 0000000000000350 t __trunctfdf2
0000000000061e28 0000000000000070 t __sfp_handle_exceptions
0000000000061e98 T _fini
0000000000062050 0000000000000012 r __func__.13905
0000000000062068 0000000000000005 r __func__.14321
0000000000062070 0000000000000005 r __func__.14316
0000000000062078 0000000000000005 r __func__.14306
0000000000062080 0000000000000005 r __func__.14245
0000000000062088 0000000000000005 r __func__.14168
0000000000062090 0000000000000005 r __func__.14119
0000000000062098 0000000000000005 r __func__.14114
00000000000620a0 0000000000000005 r __func__.14086
00000000000620a8 0000000000000005 r __func__.14326
00000000000620b0 0000000000000015 R inifile
00000000000620c8 0000000000000005 r __func__.14195
00000000000620d0 0000000000000005 r __func__.14287
00000000000620d8 0000000000000005 r __func__.14273
00000000000620e0 0000000000000005 r __func__.14208
00000000000620e8 0000000000000005 r __func__.14133
00000000000620f0 0000000000000005 r __func__.14280
00000000000620f8 0000000000000005 r __func__.14225
0000000000062100 0000000000000004 r __func__.14103
0000000000062108 0000000000000005 r __func__.14096
0000000000062110 0000000000000005 r __func__.14153
0000000000062118 0000000000000004 r __func__.14240
0000000000062120 0000000000000005 r __func__.14081
0000000000062128 0000000000000005 r __func__.14252
0000000000062130 0000000000000005 r __func__.14311
0000000000062138 0000000000000005 r __func__.14109
0000000000062140 0000000000000005 r __func__.14301
0000000000062148 0000000000000005 r __func__.14260
0000000000062150 0000000000000005 r __func__.14091
0000000000062158 0000000000000004 r __func__.14266
0000000000062160 0000000000000005 r __func__.14173
0000000000062168 0000000000000004 r __func__.14139
0000000000062170 0000000000000005 r __func__.14296
0000000000062178 0000000000000005 r __func__.14163
0000000000062180 0000000000000005 r __func__.14144
0000000000062188 0000000000000005 r __func__.14124
0000000000062190 0000000000000005 r __func__.14158
0000000000062198 0000000000000038 r socketInitConfig.13987
00000000000631e0 000000000000000c r __func__.5207
00000000000631f0 000000000000000e r __func__.5334
0000000000063200 0000000000000009 r __func__.5353
0000000000063210 000000000000000d r __func__.5190
0000000000063220 000000000000000c r __func__.5182
0000000000063230 000000000000000e r __func__.5198
0000000000063240 000000000000000d r __func__.5248
0000000000063250 000000000000000c r __func__.5369
0000000000063260 000000000000000d r __func__.5344
0000000000063270 000000000000000d r __func__.5329
0000000000063280 0000000000000009 r __func__.5400
00000000000634c8 0000000000000011 r digits.7917
00000000000634e0 0000000000000018 r error_table
0000000000063500 0000000000000086 r _error_code_map
0000000000063850 0000000000000030 r my_encodings
0000000000063880 0000000000000048 r my_rates
00000000000638c8 000000000000002c r good_encodings
0000000000063b00 0000000000000010 r encoding_widths
0000000000063b10 0000000000000019 r frame_type
0000000000064b18 0000000000000005 r dn_autodec
0000000000064b20 0000000000000008 r dn_generic
0000000000064b28 0000000000000006 r dn_nodec
0000000000064b30 000000000000000c r dn_sse_vintage
0000000000064b40 0000000000000011 r dn_dreidnowext_vintage
0000000000064b58 000000000000000e r dn_dreidnow_vintage
0000000000064b68 0000000000000004 r dn_avx
0000000000064b70 0000000000000007 r dn_neon64
0000000000064b78 0000000000000005 r dn_neon
0000000000064b80 0000000000000004 r dn_arm
0000000000064b88 0000000000000007 r dn_x86_64
0000000000064b90 0000000000000004 r dn_sse
0000000000064b98 0000000000000008 r dn_altivec
0000000000064ba0 0000000000000009 r dn_dreidnowext
0000000000064bb0 0000000000000006 r dn_dreidnow
0000000000064bb8 0000000000000004 r dn_mmx
0000000000064bc0 000000000000000c r dn_ifuenf_dither
0000000000064bd0 0000000000000005 r dn_ifuenf
0000000000064bd8 0000000000000005 r dn_ivier
0000000000064be0 0000000000000005 r dn_idrei
0000000000064be8 000000000000000f r dn_generic_dither
0000000000065298 0000000000000808 r intwinbase
0000000000065b88 0000000000000010 r CSWTCH.82
0000000000066670 0000000000000202 r tblofs
0000000000066878 0000000000000196 r cp1252_utf8
0000000000066ad8 00000000000000d8 r mulmul
0000000000066d48 0000000000000310 r alloc_4
0000000000067058 00000000000001c0 r alloc_3
0000000000067218 0000000000000140 r alloc_2
0000000000067358 00000000000004b0 r alloc_1
0000000000067808 0000000000000480 r alloc_0
0000000000067da0 00000000000003de r bandInfo
00000000000681a8 000000000000003e r tab_c1
00000000000681e8 000000000000003e r tab_c0
0000000000068228 0000000000000800 r tab24_
0000000000068a28 0000000000000820 r tab16_
0000000000069248 00000000000007e0 r tab15_
0000000000069a28 00000000000007e0 r tab13_
000000000006a208 00000000000001e0 r tab12_
000000000006a3e8 00000000000001e0 r tab11_
000000000006a5c8 0000000000000220 r tab10_
000000000006a7e8 0000000000000100 r tab9_
000000000006a8e8 0000000000000100 r tab8_
000000000006a9e8 0000000000000120 r tab7_
000000000006ab08 0000000000000080 r tab6_
000000000006ab88 0000000000000060 r tab5_
000000000006abe8 0000000000000060 r tab3_
000000000006ac48 0000000000000060 r tab2_
000000000006aca8 0000000000000020 r tab1_
000000000006acc8 0000000000000020 r tab0_
000000000006aed8 0000000000000180 r tabsel_123
000000000006b058 0000000000000048 r freqs
000000000006b0a0 0000000000000010 r bs.7844
000000000006bd00 0000000000000080 r npio2_hw
000000000006bd80 0000000000000108 r two_over_pi
000000000006beb8 0000000000000040 r PIo2
000000000006bf00 0000000000000010 r init_jk
000000000006ca10 0000000000000014 r fpi.5241
000000000006ca28 0000000000000014 r fpinan.5277
000000000006ca40 0000000000000028 r tinytens
000000000006cbf0 0000000000000010 r blanks.6378
000000000006cc00 0000000000000010 r zeroes.6379
000000000006ccd0 0000000000000022 r basefix.6415
000000000006d080 0000000000000010 r blanks.6361
000000000006d090 0000000000000010 r zeroes.6362
000000000006d1f0 0000000000000010 r blanks.6393
000000000006d200 0000000000000010 r zeroes.6394
000000000006d210 0000000000000101 R _ctype_
000000000006d348 0000000000000100 R __hexdig
000000000006d460 00000000000000bc r a1
000000000006d520 00000000000000bc r a2
000000000006d5e0 000000000000005b r a3
000000000006d640 0000000000000070 r a6
000000000006d6b0 00000000000000a2 r a7
000000000006d758 0000000000000040 r a8
000000000006d798 000000000000172a r b02cf
000000000006eec8 0000000000001a7c r d02f4
0000000000070948 0000000000000028 R __mprec_bigtens
0000000000070970 00000000000000c8 R __mprec_tens
0000000000070a38 000000000000000c r p05.5161
0000000000070b90 000000000000006c R __action_table
0000000000070c00 0000000000000100 R __chclass
0000000000070d00 000000000000006c R __state_table
0000000000070d70 0000000000000010 r blanks.6357
0000000000070d80 0000000000000010 r zeroes.6358
0000000000070d90 0000000000000022 r basefix.6052
0000000000070db8 0000000000000060 R __month_lengths
0000000000070e20 0000000000000003 R DIRECTORY_PARENT
0000000000070e28 r __EH_FRAME_BEGIN__
0000000000070e28 R __eh_frame_hdr_end
0000000000070e28 R __eh_frame_hdr_start
0000000000077e7c r __FRAME_END__
0000000000077e80 a _DYNAMIC
000000000007e000 t __frame_dummy_init_array_entry
000000000007e000 T __init_array_start
000000000007e000 B __preinit_array_end
000000000007e000 B __preinit_array_start
000000000007e000 D __tdata_lma
000000000007e000 D __tdata_lma_end
000000000007e008 t __do_global_dtors_aux_fini_array_entry
000000000007e008 T __fini_array_start
000000000007e008 T __init_array_end
000000000007e010 T __fini_array_end
000000000007e010 T __got_start__
000000000007e010 a _GLOBAL_OFFSET_TABLE_
000000000007e388 D __got_end__
000000000007e388 0000000000000004 d sock_buffersize
000000000007e38c 0000000000000004 d listenfd
000000000007e390 0000000000000280 d ftp_commands
000000000007e610 0000000000000050 d mlst_flags.14177
000000000007e660 0000000000000004 D __nx_applet_type
000000000007e664 0000000000000004 d g_deviceState
000000000007e668 0000000000000008 V __nx_pollfd_sb_max_fds
000000000007e670 00000000000000e0 d g_socketDevoptab
000000000007e750 0000000000000401 d __cwd
000000000007eb54 0000000000000004 d fsdev_fsdevice_cwd
000000000007eb58 0000000000000004 d fsdev_fsdevice_default
000000000007eb60 00000000000000e0 d fsdev_devoptab
000000000007ec40 0000000000000008 d g_bsdClientPid
000000000007ec48 0000000000000008 V __nx_exception_stack_size
000000000007eea0 0000000000000020 d text_converters
000000000007eec0 0000000000000010 d mpg123_decoder_list
000000000007eed0 0000000000000200 d synth_base
000000000007f0d0 00000000000000a8 d decname
000000000007f178 00000000000001e0 d readers
000000000007f358 0000000000000060 d bad_reader
000000000007f3b8 0000000000000028 D INT123_pnts
000000000007f3e0 0000000000000160 d mpg123_error
000000000007f5d0 000000000000002c d pretab_choice
000000000007f660 0000000000000200 d ht
000000000007f860 0000000000000020 d htc
000000000007f880 0000000000000004 D __fdlib_version
000000000007f888 0000000000000008 D _impure_ptr
000000000007f890 0000000000000768 d impure_data
000000000007fff8 0000000000000008 D _global_impure_ptr
0000000000080000 00000000000001a8 D __global_locale
00000000000801a8 0000000000000008 D __malloc_sbrk_base
00000000000801b0 0000000000000008 D __malloc_trim_threshold
00000000000801b8 0000000000000810 D __malloc_av_
00000000000809c8 00000000000001f8 D _C_time_locale
0000000000080bc0 0000000000000010 D _tzname
0000000000080bd0 0000000000000008 D environ
0000000000080bd8 0000000000000058 d tzinfo
0000000000080c30 0000000000000004 d defaultDevice
0000000000080c38 0000000000000080 D devoptab_list
0000000000080cb8 00000000000000e0 D dotab_stdnull
0000000000080d98 0000000000000400 d _current_working_directory
0000000000081198 0000000000000010 d __stderr_handle
00000000000811a8 0000000000000010 d __stdin_handle
00000000000811b8 0000000000000010 d __stdout_handle
00000000000811c8 0000000000002000 d handles
00000000000831c8 D __bss_start__
00000000000831c8 D __TMC_END__
00000000000831c8 b completed.7821
00000000000831d0 b object.7826
0000000000083200 0000000000000004 b pausedMutex
0000000000083204 0000000000000001 B paused
0000000000083208 0000000000000008 b sessions
0000000000083210 0000000000000008 b start_time
0000000000083218 0000000000000018 b cookie
0000000000083230 0000000000000010 b serv_addr
0000000000083240 0000000000001000 b buffer.14236
0000000000084240 0000000000004000 b rnfr.14278
0000000000088240 0000000000001000 b buffer.13902
0000000000089240 0000000000000004 b mp3Mutex
0000000000089248 0000000000000008 b buffSize
0000000000089250 0000000000000008 b mh
0000000000089258 0000000000000001 b channels
000000000008925c 0000000000000004 b rate
0000000000089260 0000000000000004 B curBuf
0000000000089264 0000000000000004 B should_log
0000000000089268 0000000000000018 b g_appletFirstHook
0000000000089280 0000000000000001 b g_appletFocusState
0000000000089288 000000000000000c b g_appletICommonStateGetter
0000000000089298 000000000000000c b g_appletMessageEvent
00000000000892a4 0000000000000001 b g_appletOperationMode
00000000000892a8 0000000000000004 b g_appletPerformanceMode
00000000000892b0 0000000000000008 b g_appletResourceUserId
00000000000892b8 000000000000000c b g_appletSrv
00000000000892c8 0000000000000008 b g_refCnt
00000000000892d0 000000000000000c b g_timeLocalSystemClock
00000000000892e0 000000000000000c b g_timeNetworkSystemClock
00000000000892f0 000000000000000c b g_timeSrv
0000000000089300 000000000000000c b g_timeTimeZoneService
0000000000089310 000000000000000c b g_timeUserSystemClock
0000000000089320 0000000000000050 b g_controllerDown
0000000000089370 00000000000001e0 b g_controllerEntries
0000000000089550 0000000000000190 b g_controllerHeaders
00000000000896e0 0000000000000050 b g_controllerHeld
0000000000089730 0000000000000028 b g_controllerLayout
0000000000089758 0000000000000050 b g_controllerOld
00000000000897a8 0000000000000004 b g_controllerP1AutoID
00000000000897b0 0000000000000050 b g_controllerTimestamps
0000000000089800 0000000000000050 b g_controllerUp
0000000000089850 000000000000000c b g_hidIAppletResource
0000000000089860 0000000000000020 b g_hidLock
0000000000089880 0000000000000020 b g_hidSharedmem
00000000000898a0 000000000000000c b g_hidSrv
00000000000898b0 0000000000000020 b g_keyboardDown
00000000000898d0 0000000000000038 b g_keyboardEntry
0000000000089908 0000000000000020 b g_keyboardHeld
0000000000089928 0000000000000008 b g_keyboardModDown
0000000000089930 0000000000000008 b g_keyboardModHeld
0000000000089938 0000000000000008 b g_keyboardModOld
0000000000089940 0000000000000008 b g_keyboardModUp
0000000000089948 0000000000000020 b g_keyboardOld
0000000000089968 0000000000000008 b g_keyboardTimestamp
0000000000089970 0000000000000020 b g_keyboardUp
0000000000089990 0000000000000008 b g_mouseDown
0000000000089998 0000000000000030 b g_mouseEntry
00000000000899c8 0000000000000008 b g_mouseHeld
00000000000899d0 0000000000000008 b g_mouseOld
00000000000899d8 0000000000000008 b g_mouseTimestamp
00000000000899e0 0000000000000008 b g_mouseUp
00000000000899e8 0000000000000008 b g_refCnt
00000000000899f0 000000000000000a b g_sixaxisEnabled
0000000000089a00 0000000000004650 b g_sixaxisLayouts
000000000008e050 0000000000000298 b g_touchEntry
000000000008e2e8 0000000000000008 b g_touchTimestamp
000000000008e2f0 000000000000000c b g_audoutBufferEvent
000000000008e300 000000000000000c b g_audoutIAudioOut
000000000008e310 000000000000000c b g_audoutSrv
000000000008e31c 0000000000000004 b g_channelCount
000000000008e320 0000000000000004 b g_pcmFormat
000000000008e328 0000000000000008 b g_refCnt
000000000008e330 0000000000000004 b g_sampleRate
000000000008e338 000000000000000c b g_fsSrv
000000000008e348 0000000000000008 b g_refCnt
000000000008e350 0000000000000008 b g_refCnt
000000000008e358 0000000000000004 b g_smHandle
000000000008e360 0000000000000200 b g_smOverrides
000000000008e560 0000000000000008 b g_smOverridesNum
000000000008e568 0000000000000001 b g_hasRandomSeed
000000000008e569 0000000000000001 b g_isNso
000000000008e56c 0000000000000004 b g_lastLoadResult
000000000008e570 0000000000000008 b g_loaderRetAddr
000000000008e578 0000000000000004 b g_mainThreadHandle
000000000008e580 0000000000000008 b g_nextLoadArgv
000000000008e588 0000000000000008 b g_nextLoadPath
000000000008e590 0000000000000008 b g_overrideArgv
000000000008e598 0000000000000008 b g_overrideHeapAddr
000000000008e5a0 0000000000000008 b g_overrideHeapSize
000000000008e5a8 0000000000000004 b g_processHandle
000000000008e5b0 0000000000000010 b g_randomSeed
000000000008e5c0 0000000000000010 b g_syscallHints
000000000008e5d0 0000000000000018 b g_sfdnsresConfig
000000000008e5e8 0000000000002300 b fsdev_fsdevices
00000000000908e8 0000000000000001 b fsdev_initialised
00000000000908e9 0000000000000001 b g_HasCached
00000000000908ea 0000000000000001 b g_IsAbove200
00000000000908eb 0000000000000001 b g_IsAbove300
00000000000908ec 0000000000000001 b g_IsAbove400
00000000000908ed 0000000000000001 b g_IsAbove500
00000000000908ee 0000000000000001 b g_IsAbove600
00000000000908f0 0000000000000004 b g_Mutex
00000000000908f8 0000000000000010 b g_AddressSpace
0000000000090908 0000000000000008 b g_CurrentAddr
0000000000090910 0000000000000008 b g_CurrentMapAddr
0000000000090918 0000000000000030 b g_Region
0000000000090948 0000000000000004 b g_VirtMemMutex
0000000000090950 000000000000000c b g_bsdMonitor
0000000000090960 000000000000000c b g_bsdSrv
0000000000090970 0000000000000008 b g_bsdSrvIpcBufferSize
0000000000090978 0000000000000028 b g_bsdTmem
00000000000909a0 000000000000000c b g_nifmIGS
00000000000909b0 000000000000000c b g_nifmSrv
00000000000909c0 0000000000000008 b g_refCnt
00000000000909c8 0000000000000004 V __nx_exception_ignoredebug
00000000000909d0 0000000000000400 V __nx_exception_stack
0000000000090dd0 0000000000000008 b __bootticks
0000000000090dd8 0000000000000008 b __boottime
0000000000090de0 0000000000000008 b g_argv_empty
0000000000090de8 0000000000000004 b cos4
0000000000090df0 0000000000000008 b cos8
0000000000090df8 0000000000000010 b cos16
0000000000090e08 0000000000000020 b cos32
0000000000090e28 0000000000000040 b cos64
0000000000090e68 0000000000000004 b initialized
0000000000090e70 0000000000003000 b grp_9tab
0000000000093e70 0000000000000600 b grp_5tab
0000000000094470 0000000000000180 b grp_3tab
00000000000945f0 0000000000000400 b i_slen2
00000000000949f0 0000000000000800 b n_slen2
00000000000951f0 0000000000000004 b COS6_1
00000000000951f8 000000000000000c b tfcos12
0000000000095204 0000000000000004 b COS6_2
0000000000095208 00000000000000d8 b map
00000000000952e0 00000000000000d8 b mapend
00000000000953b8 0000000000000020 b aa_cs
00000000000953d8 0000000000000020 b aa_ca
00000000000953f8 0000000000000240 b win
0000000000095638 000000000000000c b cos9
0000000000095648 000000000000000c b cos18
0000000000095658 0000000000000040 b tan1_1
0000000000095698 0000000000000040 b tan2_1
00000000000956d8 0000000000000040 b tan1_2
0000000000095718 0000000000000040 b tan2_2
0000000000095758 0000000000000100 b pow1_1
0000000000095858 0000000000000100 b pow2_1
0000000000095958 0000000000000100 b pow1_2
0000000000095a58 0000000000000100 b pow2_2
0000000000095b58 0000000000000240 b win1
0000000000095d98 0000000000000630 b mapbuf2
00000000000963c8 00000000000015f0 b mapbuf1
00000000000979b8 0000000000001560 b mapbuf0
0000000000098f18 000000000000803c b ispow
00000000000a0f58 000000000000000c b __sfp_recursive_mutex
00000000000a0f68 000000000000000c b __sinit_recursive_mutex
00000000000a0f78 0000000000000028 B __malloc_current_mallinfo
00000000000a0fa0 0000000000000008 B __malloc_max_sbrked_mem
00000000000a0fa8 0000000000000008 B __malloc_max_total_mem
00000000000a0fb0 0000000000000008 B __malloc_top_pad
00000000000a0fb8 000000000000000c b __malloc_recursive_mutex
00000000000a0fc4 0000000000000004 b __tz_mutex
00000000000a0fc8 000000000000000b b __tzname_dst
00000000000a0fd8 000000000000000b b __tzname_std
00000000000a0fe8 0000000000000008 b prev_tzenv
00000000000a0ff0 0000000000000004 B _daylight
00000000000a0ff8 0000000000000008 B _timezone
00000000000a1000 000000000000000c B __atexit_recursive_mutex
00000000000a1010 0000000000000008 b initial_env
00000000000a1018 000000000000000c b __env_recursive_mutex
00000000000a1028 0000000000000008 b heap_start.5228
00000000000a1030 0000000000000008 B fake_heap_end
00000000000a1038 0000000000000008 B fake_heap_start
00000000000a1040 0000000000000400 b temp_cwd
00000000000a1440 0000000000000090 B __syscalls
00000000000a14d0 0000000000000004 b __hndl_lock
00000000000a14d8 0000000000540000 B fake_heap
00000000005e14d8 0000000000000010 B buffData
00000000005e14e8 0000000000000008 B audout_released_buf
00000000005e14f0 0000000000000050 B audiobuf
00000000005e1540 0000000000000340 B __nx_exceptiondump
00000000005e1880 0000000000000008 B __stack_top
00000000005e1888 0000000000000008 B __system_argv
00000000005e1890 0000000000000004 B __system_argc
00000000005e1898 0000000000000004 B __nxlink_host
00000000005e18a0 0000000000000024 B INT123_COS9
00000000005e18c8 0000000000000024 B INT123_tfcos36
00000000005e18f0 B __tls_start
00000000005e5d18 B __bss_end__
00000000005e5d18 A __end__
00000000005e5d18 B __tls_end
00000000005e6000 A __argdata__
